{"/Users/erniehsiung/Documents/personal-projects/sample-fullstack-hooks-asyncawait/server/index.js": {"path":"/Users/erniehsiung/Documents/personal-projects/sample-fullstack-hooks-asyncawait/server/index.js","statementMap":{"0":{"start":{"line":3,"column":0},"end":{"line":3,"column":70}},"1":{"start":{"line":3,"column":43},"end":{"line":3,"column":70}},"2":{"start":{"line":4,"column":16},"end":{"line":4,"column":34}},"3":{"start":{"line":5,"column":12},"end":{"line":5,"column":21}},"4":{"start":{"line":6,"column":13},"end":{"line":6,"column":28}},"5":{"start":{"line":7,"column":15},"end":{"line":7,"column":32}},"6":{"start":{"line":8,"column":17},"end":{"line":8,"column":45}},"7":{"start":{"line":10,"column":19},"end":{"line":10,"column":44}},"8":{"start":{"line":11,"column":19},"end":{"line":11,"column":43}},"9":{"start":{"line":12,"column":24},"end":{"line":12,"column":50}},"10":{"start":{"line":14,"column":0},"end":{"line":14,"column":24}},"11":{"start":{"line":15,"column":0},"end":{"line":15,"column":23}},"12":{"start":{"line":17,"column":0},"end":{"line":17,"column":31}},"13":{"start":{"line":19,"column":0},"end":{"line":19,"column":37}},"14":{"start":{"line":20,"column":0},"end":{"line":20,"column":29}},"15":{"start":{"line":22,"column":0},"end":{"line":24,"column":3}},"16":{"start":{"line":23,"column":2},"end":{"line":23,"column":24}},"17":{"start":{"line":32,"column":0},"end":{"line":37,"column":1}},"18":{"start":{"line":33,"column":2},"end":{"line":33,"column":37}},"19":{"start":{"line":34,"column":2},"end":{"line":36,"column":5}},"20":{"start":{"line":35,"column":4},"end":{"line":35,"column":64}},"21":{"start":{"line":39,"column":0},"end":{"line":39,"column":21}},"22":{"start":{"line":41,"column":0},"end":{"line":47,"column":1}},"23":{"start":{"line":44,"column":2},"end":{"line":46,"column":4}},"24":{"start":{"line":45,"column":4},"end":{"line":45,"column":65}}},"fnMap":{"0":{"name":"(anonymous_0)","decl":{"start":{"line":22,"column":8},"end":{"line":22,"column":9}},"loc":{"start":{"line":22,"column":33},"end":{"line":24,"column":1}},"line":22},"1":{"name":"(anonymous_1)","decl":{"start":{"line":34,"column":15},"end":{"line":34,"column":16}},"loc":{"start":{"line":34,"column":30},"end":{"line":36,"column":3}},"line":34},"2":{"name":"(anonymous_2)","decl":{"start":{"line":44,"column":39},"end":{"line":44,"column":40}},"loc":{"start":{"line":45,"column":4},"end":{"line":45,"column":65}},"line":45}},"branchMap":{"0":{"loc":{"start":{"line":3,"column":0},"end":{"line":3,"column":70}},"type":"if","locations":[{"start":{"line":3,"column":0},"end":{"line":3,"column":70}},{"start":{},"end":{}}],"line":3},"1":{"loc":{"start":{"line":32,"column":0},"end":{"line":37,"column":1}},"type":"if","locations":[{"start":{"line":32,"column":0},"end":{"line":37,"column":1}},{"start":{},"end":{}}],"line":32},"2":{"loc":{"start":{"line":41,"column":0},"end":{"line":47,"column":1}},"type":"if","locations":[{"start":{"line":41,"column":0},"end":{"line":47,"column":1}},{"start":{},"end":{}}],"line":41},"3":{"loc":{"start":{"line":44,"column":13},"end":{"line":44,"column":37}},"type":"binary-expr","locations":[{"start":{"line":44,"column":13},"end":{"line":44,"column":29}},{"start":{"line":44,"column":33},"end":{"line":44,"column":37}}],"line":44},"4":{"loc":{"start":{"line":45,"column":37},"end":{"line":45,"column":61}},"type":"binary-expr","locations":[{"start":{"line":45,"column":37},"end":{"line":45,"column":53}},{"start":{"line":45,"column":57},"end":{"line":45,"column":61}}],"line":45}},"s":{"0":1,"1":1,"2":1,"3":1,"4":1,"5":1,"6":1,"7":1,"8":1,"9":1,"10":1,"11":1,"12":1,"13":1,"14":1,"15":1,"16":0,"17":1,"18":0,"19":0,"20":0,"21":1,"22":1,"23":0,"24":0},"f":{"0":0,"1":0,"2":0},"b":{"0":[1,0],"1":[0,1],"2":[0,1],"3":[0,0],"4":[0,0]},"_coverageSchema":"1a1c01bbd47fc00a2c39e90264f33305004495a9","hash":"b53d1c68c362aff71ac7c3e6bf417c3c6dbdd2eb"}
,"/Users/erniehsiung/Documents/personal-projects/sample-fullstack-hooks-asyncawait/server/config/passport.js": {"path":"/Users/erniehsiung/Documents/personal-projects/sample-fullstack-hooks-asyncawait/server/config/passport.js","statementMap":{"0":{"start":{"line":4,"column":17},"end":{"line":4,"column":36}},"1":{"start":{"line":5,"column":23},"end":{"line":5,"column":58}},"2":{"start":{"line":6,"column":14},"end":{"line":6,"column":30}},"3":{"start":{"line":7,"column":17},"end":{"line":7,"column":46}},"4":{"start":{"line":9,"column":21},"end":{"line":13,"column":1}},"5":{"start":{"line":15,"column":39},"end":{"line":29,"column":1}},"6":{"start":{"line":16,"column":22},"end":{"line":21,"column":3}},"7":{"start":{"line":22,"column":14},"end":{"line":25,"column":3}},"8":{"start":{"line":27,"column":23},"end":{"line":27,"column":64}},"9":{"start":{"line":27,"column":50},"end":{"line":27,"column":63}},"10":{"start":{"line":28,"column":2},"end":{"line":28,"column":61}},"11":{"start":{"line":31,"column":25},"end":{"line":52,"column":1}},"12":{"start":{"line":32,"column":2},"end":{"line":51,"column":3}},"13":{"start":{"line":37,"column":25},"end":{"line":37,"column":74}},"14":{"start":{"line":38,"column":4},"end":{"line":42,"column":5}},"15":{"start":{"line":39,"column":6},"end":{"line":41,"column":9}},"16":{"start":{"line":43,"column":17},"end":{"line":46,"column":6}},"17":{"start":{"line":48,"column":4},"end":{"line":48,"column":28}},"18":{"start":{"line":50,"column":4},"end":{"line":50,"column":58}},"19":{"start":{"line":54,"column":0},"end":{"line":54,"column":65}},"20":{"start":{"line":56,"column":0},"end":{"line":58,"column":3}},"21":{"start":{"line":57,"column":2},"end":{"line":57,"column":19}},"22":{"start":{"line":60,"column":0},"end":{"line":62,"column":3}},"23":{"start":{"line":61,"column":2},"end":{"line":61,"column":19}},"24":{"start":{"line":64,"column":0},"end":{"line":64,"column":26}}},"fnMap":{"0":{"name":"(anonymous_0)","decl":{"start":{"line":15,"column":39},"end":{"line":15,"column":40}},"loc":{"start":{"line":15,"column":62},"end":{"line":29,"column":1}},"line":15},"1":{"name":"(anonymous_1)","decl":{"start":{"line":27,"column":39},"end":{"line":27,"column":40}},"loc":{"start":{"line":27,"column":50},"end":{"line":27,"column":63}},"line":27},"2":{"name":"(anonymous_2)","decl":{"start":{"line":31,"column":25},"end":{"line":31,"column":26}},"loc":{"start":{"line":31,"column":77},"end":{"line":52,"column":1}},"line":31},"3":{"name":"(anonymous_3)","decl":{"start":{"line":56,"column":23},"end":{"line":56,"column":24}},"loc":{"start":{"line":56,"column":39},"end":{"line":58,"column":1}},"line":56},"4":{"name":"(anonymous_4)","decl":{"start":{"line":60,"column":25},"end":{"line":60,"column":26}},"loc":{"start":{"line":60,"column":41},"end":{"line":62,"column":1}},"line":60}},"branchMap":{"0":{"loc":{"start":{"line":28,"column":9},"end":{"line":28,"column":60}},"type":"cond-expr","locations":[{"start":{"line":28,"column":31},"end":{"line":28,"column":52}},{"start":{"line":28,"column":55},"end":{"line":28,"column":60}}],"line":28},"1":{"loc":{"start":{"line":38,"column":4},"end":{"line":42,"column":5}},"type":"if","locations":[{"start":{"line":38,"column":4},"end":{"line":42,"column":5}},{"start":{},"end":{}}],"line":38}},"s":{"0":1,"1":1,"2":1,"3":1,"4":1,"5":1,"6":0,"7":0,"8":0,"9":0,"10":0,"11":1,"12":0,"13":0,"14":0,"15":0,"16":0,"17":0,"18":0,"19":1,"20":1,"21":0,"22":1,"23":0,"24":1},"f":{"0":0,"1":0,"2":0,"3":0,"4":0},"b":{"0":[0,0],"1":[0,0]},"_coverageSchema":"1a1c01bbd47fc00a2c39e90264f33305004495a9","hash":"63274c51368c4adbabda5c643ce53d95cb820772"}
,"/Users/erniehsiung/Documents/personal-projects/sample-fullstack-hooks-asyncawait/server/controllers/users.js": {"path":"/Users/erniehsiung/Documents/personal-projects/sample-fullstack-hooks-asyncawait/server/controllers/users.js","statementMap":{"0":{"start":{"line":1,"column":15},"end":{"line":1,"column":34}},"1":{"start":{"line":2,"column":13},"end":{"line":2,"column":38}},"2":{"start":{"line":3,"column":16},"end":{"line":3,"column":44}},"3":{"start":{"line":4,"column":45},"end":{"line":4,"column":72}},"4":{"start":{"line":5,"column":25},"end":{"line":5,"column":52}},"5":{"start":{"line":8,"column":2},"end":{"line":22,"column":3}},"6":{"start":{"line":9,"column":20},"end":{"line":9,"column":73}},"7":{"start":{"line":10,"column":4},"end":{"line":12,"column":5}},"8":{"start":{"line":11,"column":6},"end":{"line":11,"column":61}},"9":{"start":{"line":14,"column":24},"end":{"line":14,"column":51}},"10":{"start":{"line":15,"column":4},"end":{"line":15,"column":67}},"11":{"start":{"line":16,"column":4},"end":{"line":16,"column":37}},"12":{"start":{"line":18,"column":18},"end":{"line":18,"column":63}},"13":{"start":{"line":19,"column":4},"end":{"line":19,"column":55}},"14":{"start":{"line":21,"column":4},"end":{"line":21,"column":14}},"15":{"start":{"line":26,"column":2},"end":{"line":43,"column":3}},"16":{"start":{"line":27,"column":36},"end":{"line":27,"column":44}},"17":{"start":{"line":28,"column":17},"end":{"line":28,"column":50}},"18":{"start":{"line":29,"column":20},"end":{"line":29,"column":70}},"19":{"start":{"line":31,"column":4},"end":{"line":33,"column":5}},"20":{"start":{"line":32,"column":6},"end":{"line":32,"column":71}},"21":{"start":{"line":36,"column":4},"end":{"line":36,"column":30}},"22":{"start":{"line":38,"column":4},"end":{"line":40,"column":69}},"23":{"start":{"line":42,"column":4},"end":{"line":42,"column":14}},"24":{"start":{"line":47,"column":2},"end":{"line":62,"column":3}},"25":{"start":{"line":52,"column":17},"end":{"line":52,"column":53}},"26":{"start":{"line":53,"column":4},"end":{"line":53,"column":30}},"27":{"start":{"line":55,"column":20},"end":{"line":55,"column":64}},"28":{"start":{"line":56,"column":4},"end":{"line":56,"column":22}},"29":{"start":{"line":57,"column":4},"end":{"line":57,"column":27}},"30":{"start":{"line":59,"column":4},"end":{"line":59,"column":45}},"31":{"start":{"line":61,"column":4},"end":{"line":61,"column":14}},"32":{"start":{"line":65,"column":0},"end":{"line":65,"column":60}}},"fnMap":{"0":{"name":"signUpUser","decl":{"start":{"line":7,"column":15},"end":{"line":7,"column":25}},"loc":{"start":{"line":7,"column":42},"end":{"line":23,"column":1}},"line":7},"1":{"name":"signInUser","decl":{"start":{"line":25,"column":15},"end":{"line":25,"column":25}},"loc":{"start":{"line":25,"column":42},"end":{"line":44,"column":1}},"line":25},"2":{"name":"getCurrentUser","decl":{"start":{"line":46,"column":15},"end":{"line":46,"column":29}},"loc":{"start":{"line":46,"column":46},"end":{"line":63,"column":1}},"line":46}},"branchMap":{"0":{"loc":{"start":{"line":10,"column":4},"end":{"line":12,"column":5}},"type":"if","locations":[{"start":{"line":10,"column":4},"end":{"line":12,"column":5}},{"start":{},"end":{}}],"line":10},"1":{"loc":{"start":{"line":31,"column":4},"end":{"line":33,"column":5}},"type":"if","locations":[{"start":{"line":31,"column":4},"end":{"line":33,"column":5}},{"start":{},"end":{}}],"line":31}},"s":{"0":1,"1":1,"2":1,"3":1,"4":1,"5":1,"6":1,"7":1,"8":0,"9":1,"10":1,"11":1,"12":1,"13":1,"14":0,"15":5,"16":5,"17":5,"18":5,"19":5,"20":1,"21":4,"22":4,"23":0,"24":1,"25":1,"26":1,"27":1,"28":1,"29":1,"30":1,"31":0,"32":1},"f":{"0":1,"1":5,"2":1},"b":{"0":[0,1],"1":[1,4]},"_coverageSchema":"1a1c01bbd47fc00a2c39e90264f33305004495a9","hash":"3948de98f1f4114378fff773527e4aa456b8d06f"}
,"/Users/erniehsiung/Documents/personal-projects/sample-fullstack-hooks-asyncawait/server/db/connection.js": {"path":"/Users/erniehsiung/Documents/personal-projects/sample-fullstack-hooks-asyncawait/server/db/connection.js","statementMap":{"0":{"start":{"line":1,"column":12},"end":{"line":1,"column":49}},"1":{"start":{"line":2,"column":13},"end":{"line":2,"column":28}},"2":{"start":{"line":3,"column":16},"end":{"line":3,"column":42}},"3":{"start":{"line":4,"column":19},"end":{"line":4,"column":32}},"4":{"start":{"line":6,"column":0},"end":{"line":6,"column":28}}},"fnMap":{},"branchMap":{"0":{"loc":{"start":{"line":1,"column":12},"end":{"line":1,"column":49}},"type":"binary-expr","locations":[{"start":{"line":1,"column":12},"end":{"line":1,"column":32}},{"start":{"line":1,"column":36},"end":{"line":1,"column":49}}],"line":1}},"s":{"0":1,"1":1,"2":1,"3":1,"4":1},"f":{},"b":{"0":[1,0]},"_coverageSchema":"1a1c01bbd47fc00a2c39e90264f33305004495a9","hash":"dd9924121c926028121feaa77d7bdf1b797b50a0"}
,"/Users/erniehsiung/Documents/personal-projects/sample-fullstack-hooks-asyncawait/server/db/knexfile.js": {"path":"/Users/erniehsiung/Documents/personal-projects/sample-fullstack-hooks-asyncawait/server/db/knexfile.js","statementMap":{"0":{"start":{"line":2,"column":0},"end":{"line":3,"column":51}},"1":{"start":{"line":3,"column":2},"end":{"line":3,"column":51}},"2":{"start":{"line":4,"column":0},"end":{"line":27,"column":2}}},"fnMap":{},"branchMap":{"0":{"loc":{"start":{"line":2,"column":0},"end":{"line":3,"column":51}},"type":"if","locations":[{"start":{"line":2,"column":0},"end":{"line":3,"column":51}},{"start":{},"end":{}}],"line":2}},"s":{"0":1,"1":1,"2":1},"f":{},"b":{"0":[1,0]},"_coverageSchema":"1a1c01bbd47fc00a2c39e90264f33305004495a9","hash":"904ee54c50e7162110689b633bf2476ca69377b5"}
,"/Users/erniehsiung/Documents/personal-projects/sample-fullstack-hooks-asyncawait/server/helpers/error.js": {"path":"/Users/erniehsiung/Documents/personal-projects/sample-fullstack-hooks-asyncawait/server/helpers/error.js","statementMap":{"0":{"start":{"line":5,"column":4},"end":{"line":5,"column":12}},"1":{"start":{"line":6,"column":4},"end":{"line":6,"column":33}},"2":{"start":{"line":7,"column":4},"end":{"line":7,"column":27}},"3":{"start":{"line":12,"column":34},"end":{"line":12,"column":37}},"4":{"start":{"line":13,"column":2},"end":{"line":13,"column":72}},"5":{"start":{"line":16,"column":0},"end":{"line":16,"column":47}}},"fnMap":{"0":{"name":"(anonymous_0)","decl":{"start":{"line":4,"column":2},"end":{"line":4,"column":3}},"loc":{"start":{"line":4,"column":35},"end":{"line":8,"column":3}},"line":4},"1":{"name":"handleError","decl":{"start":{"line":11,"column":9},"end":{"line":11,"column":20}},"loc":{"start":{"line":11,"column":31},"end":{"line":14,"column":1}},"line":11}},"branchMap":{},"s":{"0":0,"1":0,"2":0,"3":0,"4":0,"5":1},"f":{"0":0,"1":0},"b":{},"_coverageSchema":"1a1c01bbd47fc00a2c39e90264f33305004495a9","hash":"b39b678c01121ca7267fc60b988acb8bac931843"}
,"/Users/erniehsiung/Documents/personal-projects/sample-fullstack-hooks-asyncawait/server/helpers/index.js": {"path":"/Users/erniehsiung/Documents/personal-projects/sample-fullstack-hooks-asyncawait/server/helpers/index.js","statementMap":{"0":{"start":{"line":3,"column":12},"end":{"line":3,"column":35}},"1":{"start":{"line":11,"column":18},"end":{"line":20,"column":1}},"2":{"start":{"line":12,"column":15},"end":{"line":12,"column":17}},"3":{"start":{"line":14,"column":2},"end":{"line":18,"column":3}},"4":{"start":{"line":15,"column":4},"end":{"line":17,"column":5}},"5":{"start":{"line":16,"column":6},"end":{"line":16,"column":29}},"6":{"start":{"line":19,"column":2},"end":{"line":19,"column":16}},"7":{"start":{"line":28,"column":18},"end":{"line":49,"column":1}},"8":{"start":{"line":29,"column":19},"end":{"line":29,"column":30}},"9":{"start":{"line":30,"column":17},"end":{"line":30,"column":19}},"10":{"start":{"line":32,"column":2},"end":{"line":47,"column":3}},"11":{"start":{"line":34,"column":6},"end":{"line":36,"column":13}},"12":{"start":{"line":38,"column":4},"end":{"line":38,"column":79}},"13":{"start":{"line":40,"column":4},"end":{"line":46,"column":5}},"14":{"start":{"line":41,"column":6},"end":{"line":41,"column":59}},"15":{"start":{"line":42,"column":6},"end":{"line":42,"column":61}},"16":{"start":{"line":44,"column":6},"end":{"line":44,"column":55}},"17":{"start":{"line":45,"column":6},"end":{"line":45,"column":33}},"18":{"start":{"line":48,"column":2},"end":{"line":48,"column":16}},"19":{"start":{"line":59,"column":30},"end":{"line":62,"column":1}},"20":{"start":{"line":60,"column":17},"end":{"line":60,"column":21}},"21":{"start":{"line":61,"column":2},"end":{"line":61,"column":16}},"22":{"start":{"line":69,"column":18},"end":{"line":70,"column":61}},"23":{"start":{"line":70,"column":2},"end":{"line":70,"column":61}},"24":{"start":{"line":72,"column":0},"end":{"line":72,"column":76}}},"fnMap":{"0":{"name":"(anonymous_0)","decl":{"start":{"line":11,"column":18},"end":{"line":11,"column":19}},"loc":{"start":{"line":11,"column":38},"end":{"line":20,"column":1}},"line":11},"1":{"name":"(anonymous_1)","decl":{"start":{"line":28,"column":18},"end":{"line":28,"column":19}},"loc":{"start":{"line":28,"column":29},"end":{"line":49,"column":1}},"line":28},"2":{"name":"(anonymous_2)","decl":{"start":{"line":59,"column":30},"end":{"line":59,"column":31}},"loc":{"start":{"line":59,"column":40},"end":{"line":62,"column":1}},"line":59},"3":{"name":"(anonymous_3)","decl":{"start":{"line":69,"column":18},"end":{"line":69,"column":19}},"loc":{"start":{"line":70,"column":2},"end":{"line":70,"column":61}},"line":70}},"branchMap":{"0":{"loc":{"start":{"line":15,"column":4},"end":{"line":17,"column":5}},"type":"if","locations":[{"start":{"line":15,"column":4},"end":{"line":17,"column":5}},{"start":{},"end":{}}],"line":15},"1":{"loc":{"start":{"line":15,"column":8},"end":{"line":15,"column":59}},"type":"binary-expr","locations":[{"start":{"line":15,"column":8},"end":{"line":15,"column":31}},{"start":{"line":15,"column":35},"end":{"line":15,"column":59}}],"line":15},"2":{"loc":{"start":{"line":29,"column":19},"end":{"line":29,"column":30}},"type":"binary-expr","locations":[{"start":{"line":29,"column":19},"end":{"line":29,"column":24}},{"start":{"line":29,"column":28},"end":{"line":29,"column":30}}],"line":29},"3":{"loc":{"start":{"line":32,"column":2},"end":{"line":47,"column":3}},"type":"if","locations":[{"start":{"line":32,"column":2},"end":{"line":47,"column":3}},{"start":{},"end":{}}],"line":32},"4":{"loc":{"start":{"line":34,"column":6},"end":{"line":36,"column":13}},"type":"binary-expr","locations":[{"start":{"line":34,"column":6},"end":{"line":36,"column":7}},{"start":{"line":36,"column":11},"end":{"line":36,"column":13}}],"line":34},"5":{"loc":{"start":{"line":38,"column":38},"end":{"line":38,"column":67}},"type":"cond-expr","locations":[{"start":{"line":38,"column":62},"end":{"line":38,"column":63}},{"start":{"line":38,"column":66},"end":{"line":38,"column":67}}],"line":38},"6":{"loc":{"start":{"line":40,"column":4},"end":{"line":46,"column":5}},"type":"if","locations":[{"start":{"line":40,"column":4},"end":{"line":46,"column":5}},{"start":{"line":43,"column":11},"end":{"line":46,"column":5}}],"line":40}},"s":{"0":1,"1":1,"2":2,"3":2,"4":8,"5":4,"6":2,"7":1,"8":0,"9":0,"10":0,"11":0,"12":0,"13":0,"14":0,"15":0,"16":0,"17":0,"18":0,"19":1,"20":5,"21":5,"22":1,"23":5,"24":1},"f":{"0":2,"1":0,"2":5,"3":5},"b":{"0":[4,4],"1":[8,8],"2":[0,0],"3":[0,0],"4":[0,0],"5":[0,0],"6":[0,0]},"_coverageSchema":"1a1c01bbd47fc00a2c39e90264f33305004495a9","hash":"aaff917e930bc16902767748d0be6ddaa38e3f0c"}
,"/Users/erniehsiung/Documents/personal-projects/sample-fullstack-hooks-asyncawait/server/middleware/auth.js": {"path":"/Users/erniehsiung/Documents/personal-projects/sample-fullstack-hooks-asyncawait/server/middleware/auth.js","statementMap":{"0":{"start":{"line":1,"column":12},"end":{"line":1,"column":35}},"1":{"start":{"line":4,"column":2},"end":{"line":26,"column":3}},"2":{"start":{"line":6,"column":4},"end":{"line":13,"column":5}},"3":{"start":{"line":10,"column":6},"end":{"line":10,"column":54}},"4":{"start":{"line":11,"column":11},"end":{"line":13,"column":5}},"5":{"start":{"line":12,"column":6},"end":{"line":12,"column":30}},"6":{"start":{"line":15,"column":4},"end":{"line":17,"column":5}},"7":{"start":{"line":16,"column":6},"end":{"line":16,"column":74}},"8":{"start":{"line":19,"column":4},"end":{"line":23,"column":5}},"9":{"start":{"line":20,"column":6},"end":{"line":20,"column":37}},"10":{"start":{"line":21,"column":6},"end":{"line":21,"column":31}},"11":{"start":{"line":22,"column":6},"end":{"line":22,"column":13}},"12":{"start":{"line":25,"column":4},"end":{"line":25,"column":64}},"13":{"start":{"line":29,"column":0},"end":{"line":29,"column":37}}},"fnMap":{"0":{"name":"getTokenFromRequest","decl":{"start":{"line":3,"column":9},"end":{"line":3,"column":28}},"loc":{"start":{"line":3,"column":45},"end":{"line":27,"column":1}},"line":3}},"branchMap":{"0":{"loc":{"start":{"line":6,"column":4},"end":{"line":13,"column":5}},"type":"if","locations":[{"start":{"line":6,"column":4},"end":{"line":13,"column":5}},{"start":{"line":11,"column":11},"end":{"line":13,"column":5}}],"line":6},"1":{"loc":{"start":{"line":7,"column":6},"end":{"line":8,"column":58}},"type":"binary-expr","locations":[{"start":{"line":7,"column":6},"end":{"line":7,"column":31}},{"start":{"line":8,"column":6},"end":{"line":8,"column":58}}],"line":7},"2":{"loc":{"start":{"line":11,"column":11},"end":{"line":13,"column":5}},"type":"if","locations":[{"start":{"line":11,"column":11},"end":{"line":13,"column":5}},{"start":{},"end":{}}],"line":11},"3":{"loc":{"start":{"line":11,"column":15},"end":{"line":11,"column":43}},"type":"binary-expr","locations":[{"start":{"line":11,"column":15},"end":{"line":11,"column":24}},{"start":{"line":11,"column":28},"end":{"line":11,"column":43}}],"line":11},"4":{"loc":{"start":{"line":15,"column":4},"end":{"line":17,"column":5}},"type":"if","locations":[{"start":{"line":15,"column":4},"end":{"line":17,"column":5}},{"start":{},"end":{}}],"line":15},"5":{"loc":{"start":{"line":19,"column":4},"end":{"line":23,"column":5}},"type":"if","locations":[{"start":{"line":19,"column":4},"end":{"line":23,"column":5}},{"start":{},"end":{}}],"line":19}},"s":{"0":1,"1":2,"2":2,"3":1,"4":1,"5":0,"6":2,"7":1,"8":1,"9":1,"10":1,"11":1,"12":0,"13":1},"f":{"0":2},"b":{"0":[1,1],"1":[2,1],"2":[0,1],"3":[1,1],"4":[1,1],"5":[1,0]},"_coverageSchema":"1a1c01bbd47fc00a2c39e90264f33305004495a9","hash":"dee177f4f702d3c74cbd93d6fb3c49e27f8ad7aa"}
,"/Users/erniehsiung/Documents/personal-projects/sample-fullstack-hooks-asyncawait/server/models/base.js": {"path":"/Users/erniehsiung/Documents/personal-projects/sample-fullstack-hooks-asyncawait/server/models/base.js","statementMap":{"0":{"start":{"line":1,"column":23},"end":{"line":1,"column":38}},"1":{"start":{"line":2,"column":22},"end":{"line":2,"column":43}},"2":{"start":{"line":7,"column":18},"end":{"line":41,"column":1}},"3":{"start":{"line":12,"column":17},"end":{"line":20,"column":3}},"4":{"start":{"line":13,"column":15},"end":{"line":13,"column":23}},"5":{"start":{"line":14,"column":21},"end":{"line":16,"column":5}},"6":{"start":{"line":15,"column":6},"end":{"line":15,"column":35}},"7":{"start":{"line":17,"column":4},"end":{"line":19,"column":35}},"8":{"start":{"line":19,"column":18},"end":{"line":19,"column":33}},"9":{"start":{"line":22,"column":14},"end":{"line":22,"column":54}},"10":{"start":{"line":22,"column":22},"end":{"line":22,"column":54}},"11":{"start":{"line":23,"column":15},"end":{"line":23,"column":55}},"12":{"start":{"line":23,"column":28},"end":{"line":23,"column":55}},"13":{"start":{"line":24,"column":18},"end":{"line":24,"column":36}},"14":{"start":{"line":24,"column":24},"end":{"line":24,"column":36}},"15":{"start":{"line":25,"column":18},"end":{"line":25,"column":66}},"16":{"start":{"line":25,"column":31},"end":{"line":25,"column":66}},"17":{"start":{"line":26,"column":17},"end":{"line":29,"column":3}},"18":{"start":{"line":27,"column":4},"end":{"line":27,"column":21}},"19":{"start":{"line":28,"column":4},"end":{"line":28,"column":53}},"20":{"start":{"line":30,"column":2},"end":{"line":40,"column":4}},"21":{"start":{"line":43,"column":0},"end":{"line":43,"column":27}}},"fnMap":{"0":{"name":"(anonymous_0)","decl":{"start":{"line":7,"column":18},"end":{"line":7,"column":19}},"loc":{"start":{"line":7,"column":57},"end":{"line":41,"column":1}},"line":7},"1":{"name":"(anonymous_1)","decl":{"start":{"line":12,"column":17},"end":{"line":12,"column":18}},"loc":{"start":{"line":12,"column":27},"end":{"line":20,"column":3}},"line":12},"2":{"name":"(anonymous_2)","decl":{"start":{"line":14,"column":37},"end":{"line":14,"column":38}},"loc":{"start":{"line":15,"column":6},"end":{"line":15,"column":35}},"line":15},"3":{"name":"(anonymous_3)","decl":{"start":{"line":19,"column":12},"end":{"line":19,"column":13}},"loc":{"start":{"line":19,"column":18},"end":{"line":19,"column":33}},"line":19},"4":{"name":"(anonymous_4)","decl":{"start":{"line":22,"column":14},"end":{"line":22,"column":15}},"loc":{"start":{"line":22,"column":22},"end":{"line":22,"column":54}},"line":22},"5":{"name":"(anonymous_5)","decl":{"start":{"line":23,"column":15},"end":{"line":23,"column":16}},"loc":{"start":{"line":23,"column":28},"end":{"line":23,"column":55}},"line":23},"6":{"name":"(anonymous_6)","decl":{"start":{"line":24,"column":18},"end":{"line":24,"column":19}},"loc":{"start":{"line":24,"column":24},"end":{"line":24,"column":36}},"line":24},"7":{"name":"(anonymous_7)","decl":{"start":{"line":25,"column":18},"end":{"line":25,"column":19}},"loc":{"start":{"line":25,"column":31},"end":{"line":25,"column":66}},"line":25},"8":{"name":"(anonymous_8)","decl":{"start":{"line":26,"column":17},"end":{"line":26,"column":18}},"loc":{"start":{"line":26,"column":33},"end":{"line":29,"column":3}},"line":26}},"branchMap":{},"s":{"0":1,"1":1,"2":1,"3":3,"4":2,"5":2,"6":8,"7":2,"8":2,"9":3,"10":0,"11":3,"12":0,"13":3,"14":0,"15":3,"16":10,"17":3,"18":0,"19":0,"20":3,"21":1},"f":{"0":3,"1":2,"2":8,"3":2,"4":0,"5":0,"6":0,"7":10,"8":0},"b":{},"_coverageSchema":"1a1c01bbd47fc00a2c39e90264f33305004495a9","hash":"ff9e6b31c2c17891cf2ee83c920a9a380955c74a"}
,"/Users/erniehsiung/Documents/personal-projects/sample-fullstack-hooks-asyncawait/server/models/profile.js": {"path":"/Users/erniehsiung/Documents/personal-projects/sample-fullstack-hooks-asyncawait/server/models/profile.js","statementMap":{"0":{"start":{"line":1,"column":11},"end":{"line":1,"column":38}},"1":{"start":{"line":2,"column":18},"end":{"line":2,"column":35}},"2":{"start":{"line":4,"column":13},"end":{"line":8,"column":2}},"3":{"start":{"line":10,"column":0},"end":{"line":10,"column":29}}},"fnMap":{},"branchMap":{},"s":{"0":1,"1":1,"2":1,"3":1},"f":{},"b":{},"_coverageSchema":"1a1c01bbd47fc00a2c39e90264f33305004495a9","hash":"80d86fd57fd367ad3255c66931d12e5555112dc7"}
,"/Users/erniehsiung/Documents/personal-projects/sample-fullstack-hooks-asyncawait/server/models/provider.js": {"path":"/Users/erniehsiung/Documents/personal-projects/sample-fullstack-hooks-asyncawait/server/models/provider.js","statementMap":{"0":{"start":{"line":1,"column":11},"end":{"line":1,"column":38}},"1":{"start":{"line":2,"column":18},"end":{"line":2,"column":35}},"2":{"start":{"line":3,"column":13},"end":{"line":3,"column":30}},"3":{"start":{"line":4,"column":16},"end":{"line":4,"column":36}},"4":{"start":{"line":5,"column":22},"end":{"line":5,"column":49}},"5":{"start":{"line":7,"column":13},"end":{"line":11,"column":2}},"6":{"start":{"line":14,"column":16},"end":{"line":19,"column":12}},"7":{"start":{"line":15,"column":2},"end":{"line":19,"column":12}},"8":{"start":{"line":21,"column":28},"end":{"line":57,"column":1}},"9":{"start":{"line":22,"column":23},"end":{"line":25,"column":4}},"10":{"start":{"line":26,"column":2},"end":{"line":28,"column":3}},"11":{"start":{"line":27,"column":4},"end":{"line":27,"column":24}},"12":{"start":{"line":35,"column":18},"end":{"line":38,"column":4}},"13":{"start":{"line":40,"column":2},"end":{"line":44,"column":5}},"14":{"start":{"line":46,"column":40},"end":{"line":46,"column":78}},"15":{"start":{"line":47,"column":2},"end":{"line":54,"column":5}},"16":{"start":{"line":56,"column":2},"end":{"line":56,"column":17}},"17":{"start":{"line":59,"column":0},"end":{"line":59,"column":50}}},"fnMap":{"0":{"name":"(anonymous_0)","decl":{"start":{"line":14,"column":16},"end":{"line":14,"column":17}},"loc":{"start":{"line":15,"column":2},"end":{"line":19,"column":12}},"line":15},"1":{"name":"(anonymous_1)","decl":{"start":{"line":21,"column":28},"end":{"line":21,"column":29}},"loc":{"start":{"line":21,"column":55},"end":{"line":57,"column":1}},"line":21}},"branchMap":{"0":{"loc":{"start":{"line":26,"column":2},"end":{"line":28,"column":3}},"type":"if","locations":[{"start":{"line":26,"column":2},"end":{"line":28,"column":3}},{"start":{},"end":{}}],"line":26},"1":{"loc":{"start":{"line":51,"column":12},"end":{"line":53,"column":10}},"type":"cond-expr","locations":[{"start":{"line":52,"column":8},"end":{"line":52,"column":39}},{"start":{"line":53,"column":8},"end":{"line":53,"column":10}}],"line":51}},"s":{"0":1,"1":1,"2":1,"3":1,"4":1,"5":1,"6":1,"7":0,"8":1,"9":0,"10":0,"11":0,"12":0,"13":0,"14":0,"15":0,"16":0,"17":1},"f":{"0":0,"1":0},"b":{"0":[0,0],"1":[0,0]},"_coverageSchema":"1a1c01bbd47fc00a2c39e90264f33305004495a9","hash":"725329fc201f72313be02d34da6cc6a2d688b1ae"}
,"/Users/erniehsiung/Documents/personal-projects/sample-fullstack-hooks-asyncawait/server/models/user.js": {"path":"/Users/erniehsiung/Documents/personal-projects/sample-fullstack-hooks-asyncawait/server/models/user.js","statementMap":{"0":{"start":{"line":1,"column":11},"end":{"line":1,"column":38}},"1":{"start":{"line":2,"column":18},"end":{"line":2,"column":35}},"2":{"start":{"line":3,"column":15},"end":{"line":3,"column":34}},"3":{"start":{"line":4,"column":25},"end":{"line":4,"column":52}},"4":{"start":{"line":6,"column":13},"end":{"line":10,"column":2}},"5":{"start":{"line":13,"column":20},"end":{"line":13,"column":21}},"6":{"start":{"line":14,"column":17},"end":{"line":14,"column":65}},"7":{"start":{"line":14,"column":31},"end":{"line":14,"column":65}},"8":{"start":{"line":21,"column":19},"end":{"line":30,"column":1}},"9":{"start":{"line":22,"column":2},"end":{"line":22,"column":51}},"10":{"start":{"line":22,"column":22},"end":{"line":22,"column":51}},"11":{"start":{"line":23,"column":2},"end":{"line":29,"column":7}},"12":{"start":{"line":25,"column":6},"end":{"line":25,"column":46}},"13":{"start":{"line":28,"column":6},"end":{"line":28,"column":60}},"14":{"start":{"line":33,"column":15},"end":{"line":33,"column":77}},"15":{"start":{"line":33,"column":26},"end":{"line":33,"column":77}},"16":{"start":{"line":33,"column":59},"end":{"line":33,"column":76}},"17":{"start":{"line":35,"column":16},"end":{"line":38,"column":1}},"18":{"start":{"line":36,"column":19},"end":{"line":36,"column":62}},"19":{"start":{"line":37,"column":2},"end":{"line":37,"column":34}},"20":{"start":{"line":40,"column":0},"end":{"line":44,"column":2}}},"fnMap":{"0":{"name":"(anonymous_0)","decl":{"start":{"line":14,"column":17},"end":{"line":14,"column":18}},"loc":{"start":{"line":14,"column":31},"end":{"line":14,"column":65}},"line":14},"1":{"name":"(anonymous_1)","decl":{"start":{"line":21,"column":19},"end":{"line":21,"column":20}},"loc":{"start":{"line":21,"column":29},"end":{"line":30,"column":1}},"line":21},"2":{"name":"(anonymous_2)","decl":{"start":{"line":24,"column":10},"end":{"line":24,"column":11}},"loc":{"start":{"line":24,"column":20},"end":{"line":26,"column":5}},"line":24},"3":{"name":"(anonymous_3)","decl":{"start":{"line":27,"column":11},"end":{"line":27,"column":12}},"loc":{"start":{"line":27,"column":20},"end":{"line":29,"column":5}},"line":27},"4":{"name":"(anonymous_4)","decl":{"start":{"line":33,"column":15},"end":{"line":33,"column":16}},"loc":{"start":{"line":33,"column":26},"end":{"line":33,"column":77}},"line":33},"5":{"name":"(anonymous_5)","decl":{"start":{"line":33,"column":49},"end":{"line":33,"column":50}},"loc":{"start":{"line":33,"column":59},"end":{"line":33,"column":76}},"line":33},"6":{"name":"(anonymous_6)","decl":{"start":{"line":35,"column":16},"end":{"line":35,"column":17}},"loc":{"start":{"line":35,"column":35},"end":{"line":38,"column":1}},"line":35}},"branchMap":{"0":{"loc":{"start":{"line":22,"column":2},"end":{"line":22,"column":51}},"type":"if","locations":[{"start":{"line":22,"column":2},"end":{"line":22,"column":51}},{"start":{},"end":{}}],"line":22}},"s":{"0":1,"1":1,"2":1,"3":1,"4":1,"5":1,"6":1,"7":1,"8":1,"9":1,"10":0,"11":1,"12":1,"13":0,"14":1,"15":1,"16":1,"17":1,"18":1,"19":1,"20":1},"f":{"0":1,"1":1,"2":1,"3":0,"4":1,"5":1,"6":1},"b":{"0":[0,1]},"_coverageSchema":"1a1c01bbd47fc00a2c39e90264f33305004495a9","hash":"d3730d80f40cb7fd3d5cee778dd7b85d94436f69"}
,"/Users/erniehsiung/Documents/personal-projects/sample-fullstack-hooks-asyncawait/server/routes/auth.js": {"path":"/Users/erniehsiung/Documents/personal-projects/sample-fullstack-hooks-asyncawait/server/routes/auth.js","statementMap":{"0":{"start":{"line":3,"column":45},"end":{"line":3,"column":72}},"1":{"start":{"line":5,"column":15},"end":{"line":5,"column":42}},"2":{"start":{"line":6,"column":17},"end":{"line":6,"column":36}},"3":{"start":{"line":7,"column":25},"end":{"line":7,"column":52}},"4":{"start":{"line":9,"column":19},"end":{"line":9,"column":42}},"5":{"start":{"line":12,"column":0},"end":{"line":14,"column":3}},"6":{"start":{"line":13,"column":2},"end":{"line":13,"column":51}},"7":{"start":{"line":18,"column":0},"end":{"line":21,"column":2}},"8":{"start":{"line":24,"column":24},"end":{"line":26,"column":3}},"9":{"start":{"line":27,"column":16},"end":{"line":27,"column":40}},"10":{"start":{"line":28,"column":2},"end":{"line":28,"column":68}},"11":{"start":{"line":37,"column":0},"end":{"line":43,"column":2}},"12":{"start":{"line":45,"column":0},"end":{"line":45,"column":24}}},"fnMap":{"0":{"name":"(anonymous_0)","decl":{"start":{"line":12,"column":28},"end":{"line":12,"column":29}},"loc":{"start":{"line":12,"column":42},"end":{"line":14,"column":1}},"line":12},"1":{"name":"successfulCallback","decl":{"start":{"line":23,"column":9},"end":{"line":23,"column":27}},"loc":{"start":{"line":23,"column":44},"end":{"line":29,"column":1}},"line":23}},"branchMap":{},"s":{"0":1,"1":1,"2":1,"3":1,"4":1,"5":1,"6":0,"7":1,"8":0,"9":0,"10":0,"11":1,"12":1},"f":{"0":0,"1":0},"b":{},"_coverageSchema":"1a1c01bbd47fc00a2c39e90264f33305004495a9","hash":"e0ead93a871f4f65be202bba54f1f9d9df7451d5"}
,"/Users/erniehsiung/Documents/personal-projects/sample-fullstack-hooks-asyncawait/server/routes/users.js": {"path":"/Users/erniehsiung/Documents/personal-projects/sample-fullstack-hooks-asyncawait/server/routes/users.js","statementMap":{"0":{"start":{"line":3,"column":15},"end":{"line":3,"column":42}},"1":{"start":{"line":4,"column":13},"end":{"line":4,"column":42}},"2":{"start":{"line":9,"column":4},"end":{"line":9,"column":35}},"3":{"start":{"line":12,"column":0},"end":{"line":12,"column":35}},"4":{"start":{"line":15,"column":0},"end":{"line":15,"column":35}},"5":{"start":{"line":21,"column":0},"end":{"line":21,"column":45}},"6":{"start":{"line":23,"column":0},"end":{"line":23,"column":24}}},"fnMap":{},"branchMap":{},"s":{"0":1,"1":1,"2":1,"3":1,"4":1,"5":1,"6":1},"f":{},"b":{},"_coverageSchema":"1a1c01bbd47fc00a2c39e90264f33305004495a9","hash":"dbedc1ca1aa879d5d041b7797d389f8150940ece"}
}
