TN:
SF:server/index.js
FN:22,(anonymous_0)
FN:34,(anonymous_1)
FN:44,(anonymous_2)
FNF:3
FNH:0
FNDA:0,(anonymous_0)
FNDA:0,(anonymous_1)
FNDA:0,(anonymous_2)
DA:3,1
DA:4,1
DA:5,1
DA:6,1
DA:7,1
DA:8,1
DA:10,1
DA:11,1
DA:12,1
DA:14,1
DA:15,1
DA:17,1
DA:19,1
DA:20,1
DA:22,1
DA:23,0
DA:32,1
DA:33,0
DA:34,0
DA:35,0
DA:39,1
DA:41,1
DA:44,0
DA:45,0
LF:24
LH:18
BRDA:3,0,0,1
BRDA:3,0,1,0
BRDA:32,1,0,0
BRDA:32,1,1,1
BRDA:41,2,0,0
BRDA:41,2,1,1
BRDA:44,3,0,0
BRDA:44,3,1,0
BRDA:45,4,0,0
BRDA:45,4,1,0
BRF:10
BRH:3
end_of_record
TN:
SF:server/config/passport.js
FN:15,(anonymous_0)
FN:27,(anonymous_1)
FN:31,(anonymous_2)
FN:56,(anonymous_3)
FN:60,(anonymous_4)
FNF:5
FNH:0
FNDA:0,(anonymous_0)
FNDA:0,(anonymous_1)
FNDA:0,(anonymous_2)
FNDA:0,(anonymous_3)
FNDA:0,(anonymous_4)
DA:4,1
DA:5,1
DA:6,1
DA:7,1
DA:9,1
DA:15,1
DA:16,0
DA:22,0
DA:27,0
DA:28,0
DA:31,1
DA:32,0
DA:37,0
DA:38,0
DA:39,0
DA:43,0
DA:48,0
DA:50,0
DA:54,1
DA:56,1
DA:57,0
DA:60,1
DA:61,0
DA:64,1
LF:24
LH:11
BRDA:28,0,0,0
BRDA:28,0,1,0
BRDA:38,1,0,0
BRDA:38,1,1,0
BRF:4
BRH:0
end_of_record
TN:
SF:server/controllers/users.js
FN:7,signUpUser
FN:25,signInUser
FN:46,getCurrentUser
FNF:3
FNH:3
FNDA:1,signUpUser
FNDA:5,signInUser
FNDA:1,getCurrentUser
DA:1,1
DA:2,1
DA:3,1
DA:4,1
DA:5,1
DA:8,1
DA:9,1
DA:10,1
DA:11,0
DA:14,1
DA:15,1
DA:16,1
DA:18,1
DA:19,1
DA:21,0
DA:26,5
DA:27,5
DA:28,5
DA:29,5
DA:31,5
DA:32,1
DA:36,4
DA:38,4
DA:42,0
DA:47,1
DA:52,1
DA:53,1
DA:55,1
DA:56,1
DA:57,1
DA:59,1
DA:61,0
DA:65,1
LF:33
LH:29
BRDA:10,0,0,0
BRDA:10,0,1,1
BRDA:31,1,0,1
BRDA:31,1,1,4
BRF:4
BRH:3
end_of_record
TN:
SF:server/db/connection.js
FNF:0
FNH:0
DA:1,1
DA:2,1
DA:3,1
DA:4,1
DA:6,1
LF:5
LH:5
BRDA:1,0,0,1
BRDA:1,0,1,0
BRF:2
BRH:1
end_of_record
TN:
SF:server/db/knexfile.js
FNF:0
FNH:0
DA:2,1
DA:3,1
DA:4,1
LF:3
LH:3
BRDA:2,0,0,1
BRDA:2,0,1,0
BRF:2
BRH:1
end_of_record
TN:
SF:server/helpers/error.js
FN:4,(anonymous_0)
FN:11,handleError
FNF:2
FNH:0
FNDA:0,(anonymous_0)
FNDA:0,handleError
DA:5,0
DA:6,0
DA:7,0
DA:12,0
DA:13,0
DA:16,1
LF:6
LH:1
BRF:0
BRH:0
end_of_record
TN:
SF:server/helpers/index.js
FN:11,(anonymous_0)
FN:28,(anonymous_1)
FN:59,(anonymous_2)
FN:69,(anonymous_3)
FNF:4
FNH:3
FNDA:2,(anonymous_0)
FNDA:0,(anonymous_1)
FNDA:5,(anonymous_2)
FNDA:5,(anonymous_3)
DA:3,1
DA:11,1
DA:12,2
DA:14,2
DA:15,8
DA:16,4
DA:19,2
DA:28,1
DA:29,0
DA:30,0
DA:32,0
DA:34,0
DA:38,0
DA:40,0
DA:41,0
DA:42,0
DA:44,0
DA:45,0
DA:48,0
DA:59,1
DA:60,5
DA:61,5
DA:69,1
DA:70,5
DA:72,1
LF:25
LH:14
BRDA:15,0,0,4
BRDA:15,0,1,4
BRDA:15,1,0,8
BRDA:15,1,1,8
BRDA:29,2,0,0
BRDA:29,2,1,0
BRDA:32,3,0,0
BRDA:32,3,1,0
BRDA:34,4,0,0
BRDA:34,4,1,0
BRDA:38,5,0,0
BRDA:38,5,1,0
BRDA:40,6,0,0
BRDA:40,6,1,0
BRF:14
BRH:4
end_of_record
TN:
SF:server/middleware/auth.js
FN:3,getTokenFromRequest
FNF:1
FNH:1
FNDA:2,getTokenFromRequest
DA:1,1
DA:4,2
DA:6,2
DA:10,1
DA:11,1
DA:12,0
DA:15,2
DA:16,1
DA:19,1
DA:20,1
DA:21,1
DA:22,1
DA:25,0
DA:29,1
LF:14
LH:12
BRDA:6,0,0,1
BRDA:6,0,1,1
BRDA:7,1,0,2
BRDA:7,1,1,1
BRDA:11,2,0,0
BRDA:11,2,1,1
BRDA:11,3,0,1
BRDA:11,3,1,1
BRDA:15,4,0,1
BRDA:15,4,1,1
BRDA:19,5,0,1
BRDA:19,5,1,0
BRF:12
BRH:10
end_of_record
TN:
SF:server/models/base.js
FN:7,(anonymous_0)
FN:12,(anonymous_1)
FN:14,(anonymous_2)
FN:19,(anonymous_3)
FN:22,(anonymous_4)
FN:23,(anonymous_5)
FN:24,(anonymous_6)
FN:25,(anonymous_7)
FN:26,(anonymous_8)
FNF:9
FNH:5
FNDA:3,(anonymous_0)
FNDA:2,(anonymous_1)
FNDA:8,(anonymous_2)
FNDA:2,(anonymous_3)
FNDA:0,(anonymous_4)
FNDA:0,(anonymous_5)
FNDA:0,(anonymous_6)
FNDA:10,(anonymous_7)
FNDA:0,(anonymous_8)
DA:1,1
DA:2,1
DA:7,1
DA:12,3
DA:13,2
DA:14,2
DA:15,8
DA:17,2
DA:19,2
DA:22,3
DA:23,3
DA:24,3
DA:25,10
DA:26,3
DA:27,0
DA:28,0
DA:30,3
DA:43,1
LF:18
LH:16
BRF:0
BRH:0
end_of_record
TN:
SF:server/models/profile.js
FNF:0
FNH:0
DA:1,1
DA:2,1
DA:4,1
DA:10,1
LF:4
LH:4
BRF:0
BRH:0
end_of_record
TN:
SF:server/models/provider.js
FN:14,(anonymous_0)
FN:21,(anonymous_1)
FNF:2
FNH:0
FNDA:0,(anonymous_0)
FNDA:0,(anonymous_1)
DA:1,1
DA:2,1
DA:3,1
DA:4,1
DA:5,1
DA:7,1
DA:14,1
DA:15,0
DA:21,1
DA:22,0
DA:26,0
DA:27,0
DA:35,0
DA:40,0
DA:46,0
DA:47,0
DA:56,0
DA:59,1
LF:18
LH:9
BRDA:26,0,0,0
BRDA:26,0,1,0
BRDA:51,1,0,0
BRDA:51,1,1,0
BRF:4
BRH:0
end_of_record
TN:
SF:server/models/user.js
FN:14,(anonymous_0)
FN:21,(anonymous_1)
FN:24,(anonymous_2)
FN:27,(anonymous_3)
FN:33,(anonymous_4)
FN:33,(anonymous_5)
FN:35,(anonymous_6)
FNF:7
FNH:6
FNDA:1,(anonymous_0)
FNDA:1,(anonymous_1)
FNDA:1,(anonymous_2)
FNDA:0,(anonymous_3)
FNDA:1,(anonymous_4)
FNDA:1,(anonymous_5)
FNDA:1,(anonymous_6)
DA:1,1
DA:2,1
DA:3,1
DA:4,1
DA:6,1
DA:13,1
DA:14,1
DA:21,1
DA:22,1
DA:23,1
DA:25,1
DA:28,0
DA:33,1
DA:35,1
DA:36,1
DA:37,1
DA:40,1
LF:17
LH:16
BRDA:22,0,0,0
BRDA:22,0,1,1
BRF:2
BRH:1
end_of_record
TN:
SF:server/routes/auth.js
FN:12,(anonymous_0)
FN:23,successfulCallback
FNF:2
FNH:0
FNDA:0,(anonymous_0)
FNDA:0,successfulCallback
DA:3,1
DA:5,1
DA:6,1
DA:7,1
DA:9,1
DA:12,1
DA:13,0
DA:18,1
DA:24,0
DA:27,0
DA:28,0
DA:37,1
DA:45,1
LF:13
LH:9
BRF:0
BRH:0
end_of_record
TN:
SF:server/routes/users.js
FNF:0
FNH:0
DA:3,1
DA:4,1
DA:9,1
DA:12,1
DA:15,1
DA:21,1
DA:23,1
LF:7
LH:7
BRF:0
BRH:0
end_of_record
